<?xml version="1.0" encoding="UTF-8"?>
<!-- Generated by org.testng.reporters.JUnitReportReporter -->
<testsuite hostname="Akash" failures="0" tests="2" name="DemoTestng.Demo" time="52.635" errors="0" timestamp="2022-02-12T21:57:23 IST" skipped="0">
  <testcase classname="DemoTestng.Demo" name="tc1" time="13.953"/>
  <system-out>
    <![CDATA[tc1]]>
  </system-out>
  <testcase classname="DemoTestng.Demo" name="tc" time="38.682"/>
  <system-out>
    <![CDATA[tc]]>
  </system-out>
</testsuite> <!-- DemoTestng.Demo -->
