<?xml version="1.0" encoding="UTF-8"?>
<!-- Generated by org.testng.reporters.JUnitReportReporter -->
<testsuite hostname="Akash" failures="0" tests="8" name="DemoTestng.DemoGroup" time="0.047" errors="0" timestamp="2022-02-07T22:51:34 IST" skipped="0">
  <testcase classname="DemoTestng.DemoGroup" name="tc_i1" time="0.001"/>
  <system-out>
    <![CDATA[tci1]]>
  </system-out>
  <testcase classname="DemoTestng.DemoGroup" name="tc_i2" time="0.001"/>
  <system-out>
    <![CDATA[tci2]]>
  </system-out>
  <testcase classname="DemoTestng.DemoGroup" name="tc_s2" time="0.015"/>
  <system-out>
    <![CDATA[tcs2]]>
  </system-out>
  <testcase classname="DemoTestng.DemoGroup" name="tc_i3" time="0.003"/>
  <system-out>
    <![CDATA[tci3]]>
  </system-out>
  <testcase classname="DemoTestng.DemoGroup" name="tc_f2" time="0.006"/>
  <system-out>
    <![CDATA[tcf2]]>
  </system-out>
  <testcase classname="DemoTestng.DemoGroup" name="tc_f1" time="0.017"/>
  <system-out>
    <![CDATA[tcf1]]>
  </system-out>
  <testcase classname="DemoTestng.DemoGroup" name="tc_f3" time="0.001"/>
  <system-out>
    <![CDATA[tcf3]]>
  </system-out>
  <testcase classname="DemoTestng.DemoGroup" name="tc_s1" time="0.003"/>
  <system-out>
    <![CDATA[tcs1]]>
  </system-out>
</testsuite> <!-- DemoTestng.DemoGroup -->
