<?xml version="1.0" encoding="UTF-8"?>
<!-- Generated by org.testng.reporters.JUnitReportReporter -->
<testsuite hostname="AKASH" failures="0" tests="1" name="DemoTestNG.DemoAnnotations" time="0.009" errors="0" timestamp="2022-02-05T11:37:15 IST" skipped="0">
  <testcase classname="DemoTestNG.DemoAnnotations" name="test" time="0.009"/>
  <system-out>
    <![CDATA[Test]]>
  </system-out>
</testsuite> <!-- DemoTestNG.DemoAnnotations -->
