<?xml version="1.0" encoding="UTF-8"?>
<!-- Generated by org.testng.reporters.JUnitReportReporter -->
<testsuite hostname="AKASH" failures="0" tests="6" name="DemoTestNG.DemoParameters" time="0.033" errors="0" timestamp="2022-02-07T15:49:28 IST" skipped="1">
  <testcase classname="DemoTestNG.DemoParameters" name="test_01" time="0.005"/>
  <system-out>
    <![CDATA[Test_01]]>
  </system-out>
  <testcase classname="DemoTestNG.DemoParameters" name="test_01" time="0.015"/>
  <system-out>
    <![CDATA[Test_01]]>
  </system-out>
  <testcase classname="DemoTestNG.DemoParameters" name="test_01" time="0.002"/>
  <system-out>
    <![CDATA[Test_01]]>
  </system-out>
  <testcase classname="DemoTestNG.DemoParameters" name="test_01" time="0.007"/>
  <system-out>
    <![CDATA[Test_01]]>
  </system-out>
  <testcase classname="DemoTestNG.DemoParameters" name="test_03" time="0.004"/>
  <system-out>
    <![CDATA[Test_03]]>
  </system-out>
  <testcase classname="DemoTestNG.DemoParameters" name="test_02">
    <skipped/>
  </testcase> <!-- test_02 -->
  <system-out/>
</testsuite> <!-- DemoTestNG.DemoParameters -->
