<?xml version="1.0" encoding="UTF-8"?>
<!-- Generated by org.testng.reporters.JUnitReportReporter -->
<testsuite hostname="Akash" failures="0" tests="1" name="DemoTestng.P2" time="55.729" errors="0" timestamp="2022-02-13T21:56:07 IST" skipped="0">
  <testcase classname="DemoTestng.P2" name="Facebook" time="55.729"/>
  <system-out/>
</testsuite> <!-- DemoTestng.P2 -->
