<?xml version="1.0" encoding="UTF-8"?>
<!-- Generated by org.testng.reporters.JUnitReportReporter -->
<testsuite hostname="Akash" failures="0" tests="2" name="DemoTestng.CBDemo" time="121.130" errors="0" timestamp="2022-02-13T22:04:39 IST" skipped="0">
  <testcase classname="DemoTestng.CBDemo" name="tc" time="60.991"/>
  <system-out/>
  <testcase classname="DemoTestng.CBDemo" name="tc" time="60.139"/>
  <system-out/>
</testsuite> <!-- DemoTestng.CBDemo -->
