<?xml version="1.0" encoding="UTF-8"?>
<!-- Generated by org.testng.reporters.JUnitReportReporter -->
<testsuite hostname="Akash" failures="0" tests="1" name="DemoTestng.Demo1" time="17.053" errors="0" timestamp="2022-02-07T10:57:57 IST" skipped="0">
  <testcase classname="DemoTestng.Demo1" name="tc" time="17.053"/>
  <system-out>
    <![CDATA[TC]]>
  </system-out>
</testsuite> <!-- DemoTestng.Demo1 -->
