<?xml version="1.0" encoding="UTF-8"?>
<!-- Generated by org.testng.reporters.JUnitReportReporter -->
<testsuite hostname="AKASH" failures="0" tests="6" name="DemoTestNG.ActitimeFullSheetRead" time="184.720" errors="0" timestamp="2022-02-10T10:50:21 IST" skipped="0">
  <testcase classname="DemoTestNG.ActitimeFullSheetRead" name="tc_1" time="53.589"/>
  <system-out>
    <![CDATA[Login Failed]]>
  </system-out>
  <testcase classname="DemoTestNG.ActitimeFullSheetRead" name="tc_1" time="26.036"/>
  <system-out>
    <![CDATA[Login Failed]]>
  </system-out>
  <testcase classname="DemoTestNG.ActitimeFullSheetRead" name="tc_1" time="28.532"/>
  <system-out>
    <![CDATA[Login Failed]]>
  </system-out>
  <testcase classname="DemoTestNG.ActitimeFullSheetRead" name="tc_1" time="35.685"/>
  <system-out>
    <![CDATA[Login Failed]]>
  </system-out>
  <testcase classname="DemoTestNG.ActitimeFullSheetRead" name="tc_1" time="21.488"/>
  <system-out>
    <![CDATA[Login Failed]]>
  </system-out>
  <testcase classname="DemoTestNG.ActitimeFullSheetRead" name="tc_1" time="19.390"/>
  <system-out>
    <![CDATA[Login Failed]]>
  </system-out>
</testsuite> <!-- DemoTestNG.ActitimeFullSheetRead -->
