<?xml version="1.0" encoding="UTF-8"?>
<!-- Generated by org.testng.reporters.JUnitReportReporter -->
<testsuite hostname="Akash" failures="0" tests="7" name="DemoTestng.InocationCount" time="0.030" errors="0" timestamp="2022-02-08T11:33:46 IST" skipped="1">
  <testcase classname="DemoTestng.InocationCount" name="tc_01" time="0.012"/>
  <system-out>
    <![CDATA[Tc-01]]>
  </system-out>
  <testcase classname="DemoTestng.InocationCount" name="tc_01" time="0.001"/>
  <system-out>
    <![CDATA[Tc-01]]>
  </system-out>
  <testcase classname="DemoTestng.InocationCount" name="tc_01" time="0.003"/>
  <system-out>
    <![CDATA[Tc-01]]>
  </system-out>
  <testcase classname="DemoTestng.InocationCount" name="tc_01" time="0.003"/>
  <system-out>
    <![CDATA[Tc-01]]>
  </system-out>
  <testcase classname="DemoTestng.InocationCount" name="tc_03" time="0.008"/>
  <system-out>
    <![CDATA[Tc-03]]>
  </system-out>
  <testcase classname="DemoTestng.InocationCount" name="tc_01" time="0.003"/>
  <system-out>
    <![CDATA[Tc-01]]>
  </system-out>
  <testcase classname="DemoTestng.InocationCount" name="tc_02">
    <skipped/>
  </testcase> <!-- tc_02 -->
  <system-out/>
</testsuite> <!-- DemoTestng.InocationCount -->
