<?xml version="1.0" encoding="UTF-8"?>
<!-- Generated by org.testng.reporters.JUnitReportReporter -->
<testsuite hostname="Akash" failures="0" tests="2" name="DemoTestng.DemoParallerM" time="93.841" errors="0" timestamp="2022-02-13T21:49:39 IST" skipped="0">
  <testcase classname="DemoTestng.DemoParallerM" name="Facebook" time="64.253"/>
  <system-out/>
  <testcase classname="DemoTestng.DemoParallerM" name="Google" time="29.588"/>
  <system-out/>
</testsuite> <!-- DemoTestng.DemoParallerM -->
