<?xml version="1.0" encoding="UTF-8"?>
<!-- Generated by org.testng.reporters.JUnitReportReporter -->
<testsuite hostname="AKASH" failures="0" tests="3" name="DemoDataProvider" time="0.013" errors="0" timestamp="2022-02-09T16:05:10 IST" skipped="0">
  <testcase classname="DemoDataProvider" name="tc_01" time="0.001"/>
  <system-out>
    <![CDATA[UserC    C]]>
  </system-out>
  <testcase classname="DemoDataProvider" name="tc_01" time="0.010"/>
  <system-out>
    <![CDATA[UserA    A]]>
  </system-out>
  <testcase classname="DemoDataProvider" name="tc_01" time="0.002"/>
  <system-out>
    <![CDATA[UserB    B]]>
  </system-out>
</testsuite> <!-- DemoDataProvider -->
