<?xml version="1.0" encoding="UTF-8"?>
<!-- Generated by org.testng.reporters.JUnitReportReporter -->
<testsuite hostname="Akash" failures="0" tests="2" name="DemoTestng.DemoAnnotation" time="0.035" errors="0" timestamp="2022-02-07T23:19:34 IST" skipped="0">
  <testcase classname="DemoTestng.DemoAnnotation" name="tc_01" time="0.007"/>
  <system-out>
    <![CDATA[TC1]]>
  </system-out>
  <testcase classname="DemoTestng.DemoAnnotation" name="tc" time="0.028"/>
  <system-out>
    <![CDATA[TC0]]>
  </system-out>
</testsuite> <!-- DemoTestng.DemoAnnotation -->
