<?xml version="1.0" encoding="UTF-8"?>
<!-- Generated by org.testng.reporters.JUnitReportReporter -->
<testsuite hostname="Akash" failures="0" tests="1" name="DemoTestng.P1" time="66.224" errors="0" timestamp="2022-02-13T21:56:07 IST" skipped="0">
  <testcase classname="DemoTestng.P1" name="Google" time="66.224"/>
  <system-out/>
</testsuite> <!-- DemoTestng.P1 -->
