<?xml version="1.0" encoding="UTF-8"?>
<!-- Generated by org.testng.reporters.JUnitReportReporter -->
<testsuite hostname="Akash" failures="0" tests="5" name="DependsOnMethod" time="0.025" errors="0" timestamp="2022-02-07T16:27:31 IST" skipped="0">
  <testcase classname="DependsOnMethod" name="editprofile" time="0.003"/>
  <system-out>
    <![CDATA[tc4]]>
  </system-out>
  <testcase classname="DependsOnMethod" name="findfriends" time="0.002"/>
  <system-out>
    <![CDATA[tc5]]>
  </system-out>
  <testcase classname="DependsOnMethod" name="chat" time="0.003"/>
  <system-out>
    <![CDATA[tc3]]>
  </system-out>
  <testcase classname="DependsOnMethod" name="logout" time="0.004"/>
  <system-out>
    <![CDATA[tc1]]>
  </system-out>
  <testcase classname="DependsOnMethod" name="login" time="0.013"/>
  <system-out>
    <![CDATA[tc2]]>
  </system-out>
</testsuite> <!-- DependsOnMethod -->
