<?xml version="1.0" encoding="UTF-8"?>
<!-- Generated by org.testng.reporters.JUnitReportReporter -->
<testsuite hostname="AKASH" failures="0" tests="2" name="DemoTestNG.DemoParallel" time="43.194" errors="0" timestamp="2022-02-10T11:17:31 IST" skipped="0">
  <testcase classname="DemoTestNG.DemoParallel" name="tc_f2" time="21.597"/>
  <system-out/>
  <testcase classname="DemoTestNG.DemoParallel" name="tc_f1" time="21.597"/>
  <system-out/>
</testsuite> <!-- DemoTestNG.DemoParallel -->
